# JRE version: OpenJDK Runtime Environment Microsoft-9889606 (21.0.4+7) (build 21.0.4+7-LTS)
# Java VM: OpenJDK 64-Bit Server VM Microsoft-9889606 (21.0.4+7-LTS, mixed mode, tiered, compressed oops, compressed class ptrs, g1 gc, windows-amd64)
GC Precious Log:
 CardTable entry size: 512
 Card Set container configuration: InlinePtr #cards 4 size 8 Array Of Cards #cards 32 size 80 Howl #buckets 8 coarsen threshold 7372 Howl Bitmap #cards 1024 size 144 coarsen threshold 921 Card regions per heap region 1 cards per card region 8192
 CPUs: 12 total, 12 available
 Memory: 31864M
 Large Page Support: Disabled
 NUMA Support: Disabled
 Compressed Oops: Enabled (Zero based)
 Heap Region Size: 4M
 Heap Min Capacity: 8M
 Heap Initial Capacity: 500M
 Heap Max Capacity: 7968M
 Pre-touch: Disabled
 Parallel Workers: 10
 Concurrent Workers: 3
 Concurrent Refinement Workers: 10
 Periodic GC: Disabled
Heap:
 garbage-first heap   total 53248K, used 29713K [0x000000060e000000, 0x0000000800000000)
  region size 4096K, 4 young (16384K), 1 survivors (4096K)
 Metaspace       used 39370K, committed 39744K, reserved 1114112K
  class space    used 4565K, committed 4736K, reserved 1048576K
GC Heap History (20 events):
Event: 846.911 GC heap before
{Heap before GC invocations=35 (full 0):
 garbage-first heap   total 40960K, used 31485K [0x000000060e000000, 0x0000000800000000)
  region size 4096K, 6 young (24576K), 1 survivors (4096K)
 Metaspace       used 36415K, committed 36800K, reserved 1114112K
  class space    used 4182K, committed 4352K, reserved 1048576K
}
Event: 846.911 GC heap after
{Heap after GC invocations=36 (full 0):
 garbage-first heap   total 40960K, used 10955K [0x000000060e000000, 0x0000000800000000)
  region size 4096K, 1 young (4096K), 1 survivors (4096K)
 Metaspace       used 36415K, committed 36800K, reserved 1114112K
  class space    used 4182K, committed 4352K, reserved 1048576K
}
Event: 857.881 GC heap before
{Heap before GC invocations=36 (full 0):
 garbage-first heap   total 40960K, used 31435K [0x000000060e000000, 0x0000000800000000)
  region size 4096K, 6 young (24576K), 1 survivors (4096K)
 Metaspace       used 36740K, committed 37120K, reserved 1114112K
  class space    used 4202K, committed 4352K, reserved 1048576K
}
Event: 857.881 GC heap after
{Heap after GC invocations=37 (full 0):
 garbage-first heap   total 40960K, used 12416K [0x000000060e000000, 0x0000000800000000)
  region size 4096K, 1 young (4096K), 1 survivors (4096K)
 Metaspace       used 36740K, committed 37120K, reserved 1114112K
  class space    used 4202K, committed 4352K, reserved 1048576K
}
Event: 862.089 GC heap before
{Heap before GC invocations=37 (full 0):
 garbage-first heap   total 40960K, used 32896K [0x000000060e000000, 0x0000000800000000)
  region size 4096K, 6 young (24576K), 1 survivors (4096K)
 Metaspace       used 36805K, committed 37120K, reserved 1114112K
  class space    used 4202K, committed 4352K, reserved 1048576K
}
Event: 862.089 GC heap after
{Heap after GC invocations=38 (full 0):
 garbage-first heap   total 40960K, used 12717K [0x000000060e000000, 0x0000000800000000)
  region size 4096K, 1 young (4096K), 1 survivors (4096K)
 Metaspace       used 36805K, committed 37120K, reserved 1114112K
  class space    used 4202K, committed 4352K, reserved 1048576K
}
Event: 867.037 GC heap before
{Heap before GC invocations=38 (full 0):
 garbage-first heap   total 40960K, used 33197K [0x000000060e000000, 0x0000000800000000)
  region size 4096K, 6 young (24576K), 1 survivors (4096K)
 Metaspace       used 36826K, committed 37120K, reserved 1114112K
  class space    used 4202K, committed 4352K, reserved 1048576K
}
Event: 867.038 GC heap after
{Heap after GC invocations=39 (full 0):
 garbage-first heap   total 40960K, used 12806K [0x000000060e000000, 0x0000000800000000)
  region size 4096K, 1 young (4096K), 1 survivors (4096K)
 Metaspace       used 36826K, committed 37120K, reserved 1114112K
  class space    used 4202K, committed 4352K, reserved 1048576K
}
Event: 877.807 GC heap before
{Heap before GC invocations=39 (full 0):
 garbage-first heap   total 40960K, used 20998K [0x000000060e000000, 0x0000000800000000)
  region size 4096K, 4 young (16384K), 1 survivors (4096K)
 Metaspace       used 38668K, committed 39040K, reserved 1114112K
  class space    used 4505K, committed 4672K, reserved 1048576K
}
Event: 877.808 GC heap after
{Heap after GC invocations=40 (full 0):
 garbage-first heap   total 40960K, used 13849K [0x000000060e000000, 0x0000000800000000)
  region size 4096K, 1 young (4096K), 1 survivors (4096K)
 Metaspace       used 38668K, committed 39040K, reserved 1114112K
  class space    used 4505K, committed 4672K, reserved 1048576K
}
Event: 877.876 GC heap before
{Heap before GC invocations=40 (full 0):
 garbage-first heap   total 40960K, used 38425K [0x000000060e000000, 0x0000000800000000)
  region size 4096K, 5 young (20480K), 1 survivors (4096K)
 Metaspace       used 39103K, committed 39488K, reserved 1114112K
  class space    used 4552K, committed 4736K, reserved 1048576K
}
Event: 877.877 GC heap after
{Heap after GC invocations=41 (full 0):
 garbage-first heap   total 49152K, used 21919K [0x000000060e000000, 0x0000000800000000)
  region size 4096K, 1 young (4096K), 1 survivors (4096K)
 Metaspace       used 39103K, committed 39488K, reserved 1114112K
  class space    used 4552K, committed 4736K, reserved 1048576K
}
Event: 897.556 GC heap before
{Heap before GC invocations=41 (full 0):
 garbage-first heap   total 49152K, used 34207K [0x000000060e000000, 0x0000000800000000)
  region size 4096K, 4 young (16384K), 1 survivors (4096K)
 Metaspace       used 39124K, committed 39488K, reserved 1114112K
  class space    used 4552K, committed 4736K, reserved 1048576K
}
Event: 897.557 GC heap after
{Heap after GC invocations=42 (full 0):
 garbage-first heap   total 49152K, used 21347K [0x000000060e000000, 0x0000000800000000)
  region size 4096K, 1 young (4096K), 1 survivors (4096K)
 Metaspace       used 39124K, committed 39488K, reserved 1114112K
  class space    used 4552K, committed 4736K, reserved 1048576K
}
Event: 903.570 GC heap before
{Heap before GC invocations=43 (full 0):
 garbage-first heap   total 49152K, used 33635K [0x000000060e000000, 0x0000000800000000)
  region size 4096K, 4 young (16384K), 1 survivors (4096K)
 Metaspace       used 39155K, committed 39552K, reserved 1114112K
  class space    used 4554K, committed 4736K, reserved 1048576K
}
Event: 903.571 GC heap after
{Heap after GC invocations=44 (full 0):
 garbage-first heap   total 49152K, used 13100K [0x000000060e000000, 0x0000000800000000)
  region size 4096K, 1 young (4096K), 1 survivors (4096K)
 Metaspace       used 39155K, committed 39552K, reserved 1114112K
  class space    used 4554K, committed 4736K, reserved 1048576K
}
Event: 912.392 GC heap before
{Heap before GC invocations=44 (full 0):
 garbage-first heap   total 49152K, used 25388K [0x000000060e000000, 0x0000000800000000)
  region size 4096K, 5 young (20480K), 1 survivors (4096K)
 Metaspace       used 39237K, committed 39616K, reserved 1114112K
  class space    used 4554K, committed 4736K, reserved 1048576K
}
Event: 912.393 GC heap after
{Heap after GC invocations=45 (full 0):
 garbage-first heap   total 49152K, used 13862K [0x000000060e000000, 0x0000000800000000)
  region size 4096K, 1 young (4096K), 1 survivors (4096K)
 Metaspace       used 39237K, committed 39616K, reserved 1114112K
  class space    used 4554K, committed 4736K, reserved 1048576K
}
Event: 1290.147 GC heap before
{Heap before GC invocations=45 (full 0):
 garbage-first heap   total 49152K, used 38438K [0x000000060e000000, 0x0000000800000000)
  region size 4096K, 6 young (24576K), 1 survivors (4096K)
 Metaspace       used 39255K, committed 39680K, reserved 1114112K
  class space    used 4554K, committed 4736K, reserved 1048576K
}
Event: 1290.148 GC heap after
{Heap after GC invocations=46 (full 0):
 garbage-first heap   total 53248K, used 21521K [0x000000060e000000, 0x0000000800000000)
  region size 4096K, 1 young (4096K), 1 survivors (4096K)
 Metaspace       used 39255K, committed 39680K, reserved 1114112K
  class space    used 4554K, committed 4736K, reserved 1048576K
}

