# JRE version: OpenJDK Runtime Environment Microsoft-9889606 (21.0.4+7) (build 21.0.4+7-LTS)
# Java VM: OpenJDK 64-Bit Server VM Microsoft-9889606 (21.0.4+7-LTS, mixed mode, tiered, compressed oops, compressed class ptrs, g1 gc, windows-amd64)
GC Precious Log:
 CardTable entry size: 512
 Card Set container configuration: InlinePtr #cards 4 size 8 Array Of Cards #cards 32 size 80 Howl #buckets 8 coarsen threshold 7372 Howl Bitmap #cards 1024 size 144 coarsen threshold 921 Card regions per heap region 1 cards per card region 8192
 CPUs: 12 total, 12 available
 Memory: 31864M
 Large Page Support: Disabled
 NUMA Support: Disabled
 Compressed Oops: Enabled (Zero based)
 Heap Region Size: 4M
 Heap Min Capacity: 8M
 Heap Initial Capacity: 500M
 Heap Max Capacity: 7968M
 Pre-touch: Disabled
 Parallel Workers: 10
 Concurrent Workers: 3
 Concurrent Refinement Workers: 10
 Periodic GC: Disabled
Heap:
 garbage-first heap   total 45056K, used 16273K [0x000000060e000000, 0x0000000800000000)
  region size 4096K, 3 young (12288K), 1 survivors (4096K)
 Metaspace       used 39264K, committed 39616K, reserved 1114112K
  class space    used 4563K, committed 4736K, reserved 1048576K
GC Heap History (20 events):
Event: 935.899 GC heap before
{Heap before GC invocations=15 (full 0):
 garbage-first heap   total 45056K, used 32025K [0x000000060e000000, 0x0000000800000000)
  region size 4096K, 4 young (16384K), 1 survivors (4096K)
 Metaspace       used 37707K, committed 38080K, reserved 1114112K
  class space    used 4428K, committed 4608K, reserved 1048576K
}
Event: 935.900 GC heap after
{Heap after GC invocations=16 (full 0):
 garbage-first heap   total 45056K, used 11570K [0x000000060e000000, 0x0000000800000000)
  region size 4096K, 1 young (4096K), 1 survivors (4096K)
 Metaspace       used 37707K, committed 38080K, reserved 1114112K
  class space    used 4428K, committed 4608K, reserved 1048576K
}
Event: 960.871 GC heap before
{Heap before GC invocations=16 (full 0):
 garbage-first heap   total 45056K, used 32050K [0x000000060e000000, 0x0000000800000000)
  region size 4096K, 6 young (24576K), 1 survivors (4096K)
 Metaspace       used 38322K, committed 38720K, reserved 1114112K
  class space    used 4482K, committed 4672K, reserved 1048576K
}
Event: 960.872 GC heap after
{Heap after GC invocations=17 (full 0):
 garbage-first heap   total 45056K, used 12159K [0x000000060e000000, 0x0000000800000000)
  region size 4096K, 1 young (4096K), 1 survivors (4096K)
 Metaspace       used 38322K, committed 38720K, reserved 1114112K
  class space    used 4482K, committed 4672K, reserved 1048576K
}
Event: 960.885 GC heap before
{Heap before GC invocations=17 (full 0):
 garbage-first heap   total 45056K, used 32639K [0x000000060e000000, 0x0000000800000000)
  region size 4096K, 6 young (24576K), 1 survivors (4096K)
 Metaspace       used 38339K, committed 38720K, reserved 1114112K
  class space    used 4482K, committed 4672K, reserved 1048576K
}
Event: 960.886 GC heap after
{Heap after GC invocations=18 (full 0):
 garbage-first heap   total 45056K, used 12158K [0x000000060e000000, 0x0000000800000000)
  region size 4096K, 1 young (4096K), 1 survivors (4096K)
 Metaspace       used 38339K, committed 38720K, reserved 1114112K
  class space    used 4482K, committed 4672K, reserved 1048576K
}
Event: 1072.480 GC heap before
{Heap before GC invocations=18 (full 0):
 garbage-first heap   total 45056K, used 32638K [0x000000060e000000, 0x0000000800000000)
  region size 4096K, 6 young (24576K), 1 survivors (4096K)
 Metaspace       used 39016K, committed 39424K, reserved 1114112K
  class space    used 4558K, committed 4736K, reserved 1048576K
}
Event: 1072.481 GC heap after
{Heap after GC invocations=19 (full 0):
 garbage-first heap   total 45056K, used 12149K [0x000000060e000000, 0x0000000800000000)
  region size 4096K, 1 young (4096K), 1 survivors (4096K)
 Metaspace       used 39016K, committed 39424K, reserved 1114112K
  class space    used 4558K, committed 4736K, reserved 1048576K
}
Event: 1145.334 GC heap before
{Heap before GC invocations=19 (full 0):
 garbage-first heap   total 45056K, used 32629K [0x000000060e000000, 0x0000000800000000)
  region size 4096K, 6 young (24576K), 1 survivors (4096K)
 Metaspace       used 39063K, committed 39424K, reserved 1114112K
  class space    used 4558K, committed 4736K, reserved 1048576K
}
Event: 1145.335 GC heap after
{Heap after GC invocations=20 (full 0):
 garbage-first heap   total 45056K, used 12111K [0x000000060e000000, 0x0000000800000000)
  region size 4096K, 1 young (4096K), 1 survivors (4096K)
 Metaspace       used 39063K, committed 39424K, reserved 1114112K
  class space    used 4558K, committed 4736K, reserved 1048576K
}
Event: 1221.860 GC heap before
{Heap before GC invocations=20 (full 0):
 garbage-first heap   total 45056K, used 32591K [0x000000060e000000, 0x0000000800000000)
  region size 4096K, 6 young (24576K), 1 survivors (4096K)
 Metaspace       used 39109K, committed 39488K, reserved 1114112K
  class space    used 4558K, committed 4736K, reserved 1048576K
}
Event: 1221.861 GC heap after
{Heap after GC invocations=21 (full 0):
 garbage-first heap   total 45056K, used 12081K [0x000000060e000000, 0x0000000800000000)
  region size 4096K, 1 young (4096K), 1 survivors (4096K)
 Metaspace       used 39109K, committed 39488K, reserved 1114112K
  class space    used 4558K, committed 4736K, reserved 1048576K
}
Event: 1247.450 GC heap before
{Heap before GC invocations=21 (full 0):
 garbage-first heap   total 45056K, used 32561K [0x000000060e000000, 0x0000000800000000)
  region size 4096K, 6 young (24576K), 1 survivors (4096K)
 Metaspace       used 39143K, committed 39488K, reserved 1114112K
  class space    used 4559K, committed 4736K, reserved 1048576K
}
Event: 1247.451 GC heap after
{Heap after GC invocations=22 (full 0):
 garbage-first heap   total 45056K, used 12161K [0x000000060e000000, 0x0000000800000000)
  region size 4096K, 1 young (4096K), 1 survivors (4096K)
 Metaspace       used 39143K, committed 39488K, reserved 1114112K
  class space    used 4559K, committed 4736K, reserved 1048576K
}
Event: 1940.903 GC heap before
{Heap before GC invocations=22 (full 0):
 garbage-first heap   total 45056K, used 32641K [0x000000060e000000, 0x0000000800000000)
  region size 4096K, 6 young (24576K), 1 survivors (4096K)
 Metaspace       used 39184K, committed 39552K, reserved 1114112K
  class space    used 4559K, committed 4736K, reserved 1048576K
}
Event: 1940.904 GC heap after
{Heap after GC invocations=23 (full 0):
 garbage-first heap   total 45056K, used 12122K [0x000000060e000000, 0x0000000800000000)
  region size 4096K, 1 young (4096K), 1 survivors (4096K)
 Metaspace       used 39184K, committed 39552K, reserved 1114112K
  class space    used 4559K, committed 4736K, reserved 1048576K
}
Event: 1942.392 GC heap before
{Heap before GC invocations=23 (full 0):
 garbage-first heap   total 45056K, used 32602K [0x000000060e000000, 0x0000000800000000)
  region size 4096K, 6 young (24576K), 1 survivors (4096K)
 Metaspace       used 39222K, committed 39616K, reserved 1114112K
  class space    used 4559K, committed 4736K, reserved 1048576K
}
Event: 1942.393 GC heap after
{Heap after GC invocations=24 (full 0):
 garbage-first heap   total 45056K, used 12529K [0x000000060e000000, 0x0000000800000000)
  region size 4096K, 1 young (4096K), 1 survivors (4096K)
 Metaspace       used 39222K, committed 39616K, reserved 1114112K
  class space    used 4559K, committed 4736K, reserved 1048576K
}
Event: 1950.563 GC heap before
{Heap before GC invocations=24 (full 0):
 garbage-first heap   total 45056K, used 33009K [0x000000060e000000, 0x0000000800000000)
  region size 4096K, 6 young (24576K), 1 survivors (4096K)
 Metaspace       used 39252K, committed 39616K, reserved 1114112K
  class space    used 4559K, committed 4736K, reserved 1048576K
}
Event: 1950.563 GC heap after
{Heap after GC invocations=25 (full 0):
 garbage-first heap   total 45056K, used 12177K [0x000000060e000000, 0x0000000800000000)
  region size 4096K, 1 young (4096K), 1 survivors (4096K)
 Metaspace       used 39252K, committed 39616K, reserved 1114112K
  class space    used 4559K, committed 4736K, reserved 1048576K
}

