# JRE version: OpenJDK Runtime Environment Microsoft-9889606 (21.0.4+7) (build 21.0.4+7-LTS)
# Java VM: OpenJDK 64-Bit Server VM Microsoft-9889606 (21.0.4+7-LTS, mixed mode, tiered, compressed oops, compressed class ptrs, g1 gc, windows-amd64)
GC Precious Log:
 CardTable entry size: 512
 Card Set container configuration: InlinePtr #cards 4 size 8 Array Of Cards #cards 32 size 80 Howl #buckets 8 coarsen threshold 7372 Howl Bitmap #cards 1024 size 144 coarsen threshold 921 Card regions per heap region 1 cards per card region 8192
 CPUs: 12 total, 12 available
 Memory: 31864M
 Large Page Support: Disabled
 NUMA Support: Disabled
 Compressed Oops: Enabled (Zero based)
 Heap Region Size: 4M
 Heap Min Capacity: 8M
 Heap Initial Capacity: 500M
 Heap Max Capacity: 7968M
 Pre-touch: Disabled
 Parallel Workers: 10
 Concurrent Workers: 3
 Concurrent Refinement Workers: 10
 Periodic GC: Disabled
Heap:
 garbage-first heap   total 299008K, used 64328K [0x000000060e000000, 0x0000000800000000)
  region size 4096K, 8 young (32768K), 1 survivors (4096K)
 Metaspace       used 43796K, committed 44288K, reserved 1114112K
  class space    used 4767K, committed 4992K, reserved 1048576K
GC Heap History (20 events):
Event: 6583.307 GC heap before
{Heap before GC invocations=227 (full 0):
 garbage-first heap   total 299008K, used 211097K [0x000000060e000000, 0x0000000800000000)
  region size 4096K, 43 young (176128K), 1 survivors (4096K)
 Metaspace       used 43695K, committed 44160K, reserved 1114112K
  class space    used 4762K, committed 4992K, reserved 1048576K
}
Event: 6583.307 GC heap after
{Heap after GC invocations=228 (full 0):
 garbage-first heap   total 299008K, used 39053K [0x000000060e000000, 0x0000000800000000)
  region size 4096K, 1 young (4096K), 1 survivors (4096K)
 Metaspace       used 43695K, committed 44160K, reserved 1114112K
  class space    used 4762K, committed 4992K, reserved 1048576K
}
Event: 6767.767 GC heap before
{Heap before GC invocations=228 (full 0):
 garbage-first heap   total 299008K, used 211085K [0x000000060e000000, 0x0000000800000000)
  region size 4096K, 43 young (176128K), 1 survivors (4096K)
 Metaspace       used 43697K, committed 44160K, reserved 1114112K
  class space    used 4762K, committed 4992K, reserved 1048576K
}
Event: 6767.768 GC heap after
{Heap after GC invocations=229 (full 0):
 garbage-first heap   total 299008K, used 39094K [0x000000060e000000, 0x0000000800000000)
  region size 4096K, 1 young (4096K), 1 survivors (4096K)
 Metaspace       used 43697K, committed 44160K, reserved 1114112K
  class space    used 4762K, committed 4992K, reserved 1048576K
}
Event: 7082.439 GC heap before
{Heap before GC invocations=229 (full 0):
 garbage-first heap   total 299008K, used 211126K [0x000000060e000000, 0x0000000800000000)
  region size 4096K, 43 young (176128K), 1 survivors (4096K)
 Metaspace       used 43704K, committed 44160K, reserved 1114112K
  class space    used 4762K, committed 4992K, reserved 1048576K
}
Event: 7082.440 GC heap after
{Heap after GC invocations=230 (full 0):
 garbage-first heap   total 299008K, used 39478K [0x000000060e000000, 0x0000000800000000)
  region size 4096K, 1 young (4096K), 1 survivors (4096K)
 Metaspace       used 43704K, committed 44160K, reserved 1114112K
  class space    used 4762K, committed 4992K, reserved 1048576K
}
Event: 7142.458 GC heap before
{Heap before GC invocations=230 (full 0):
 garbage-first heap   total 299008K, used 211510K [0x000000060e000000, 0x0000000800000000)
  region size 4096K, 43 young (176128K), 1 survivors (4096K)
 Metaspace       used 43706K, committed 44160K, reserved 1114112K
  class space    used 4762K, committed 4992K, reserved 1048576K
}
Event: 7142.458 GC heap after
{Heap after GC invocations=231 (full 0):
 garbage-first heap   total 299008K, used 39263K [0x000000060e000000, 0x0000000800000000)
  region size 4096K, 1 young (4096K), 1 survivors (4096K)
 Metaspace       used 43706K, committed 44160K, reserved 1114112K
  class space    used 4762K, committed 4992K, reserved 1048576K
}
Event: 8766.829 GC heap before
{Heap before GC invocations=231 (full 0):
 garbage-first heap   total 299008K, used 211295K [0x000000060e000000, 0x0000000800000000)
  region size 4096K, 43 young (176128K), 1 survivors (4096K)
 Metaspace       used 43707K, committed 44160K, reserved 1114112K
  class space    used 4762K, committed 4992K, reserved 1048576K
}
Event: 8766.829 GC heap after
{Heap after GC invocations=232 (full 0):
 garbage-first heap   total 299008K, used 39204K [0x000000060e000000, 0x0000000800000000)
  region size 4096K, 1 young (4096K), 1 survivors (4096K)
 Metaspace       used 43707K, committed 44160K, reserved 1114112K
  class space    used 4762K, committed 4992K, reserved 1048576K
}
Event: 8939.066 GC heap before
{Heap before GC invocations=232 (full 0):
 garbage-first heap   total 299008K, used 211236K [0x000000060e000000, 0x0000000800000000)
  region size 4096K, 43 young (176128K), 1 survivors (4096K)
 Metaspace       used 43722K, committed 44224K, reserved 1114112K
  class space    used 4762K, committed 4992K, reserved 1048576K
}
Event: 8939.067 GC heap after
{Heap after GC invocations=233 (full 0):
 garbage-first heap   total 299008K, used 39254K [0x000000060e000000, 0x0000000800000000)
  region size 4096K, 1 young (4096K), 1 survivors (4096K)
 Metaspace       used 43722K, committed 44224K, reserved 1114112K
  class space    used 4762K, committed 4992K, reserved 1048576K
}
Event: 10546.773 GC heap before
{Heap before GC invocations=233 (full 0):
 garbage-first heap   total 299008K, used 211286K [0x000000060e000000, 0x0000000800000000)
  region size 4096K, 43 young (176128K), 1 survivors (4096K)
 Metaspace       used 43723K, committed 44224K, reserved 1114112K
  class space    used 4762K, committed 4992K, reserved 1048576K
}
Event: 10546.774 GC heap after
{Heap after GC invocations=234 (full 0):
 garbage-first heap   total 299008K, used 39531K [0x000000060e000000, 0x0000000800000000)
  region size 4096K, 1 young (4096K), 1 survivors (4096K)
 Metaspace       used 43723K, committed 44224K, reserved 1114112K
  class space    used 4762K, committed 4992K, reserved 1048576K
}
Event: 13534.095 GC heap before
{Heap before GC invocations=234 (full 0):
 garbage-first heap   total 299008K, used 211563K [0x000000060e000000, 0x0000000800000000)
  region size 4096K, 43 young (176128K), 1 survivors (4096K)
 Metaspace       used 43728K, committed 44224K, reserved 1114112K
  class space    used 4762K, committed 4992K, reserved 1048576K
}
Event: 13534.096 GC heap after
{Heap after GC invocations=235 (full 0):
 garbage-first heap   total 299008K, used 39333K [0x000000060e000000, 0x0000000800000000)
  region size 4096K, 1 young (4096K), 1 survivors (4096K)
 Metaspace       used 43728K, committed 44224K, reserved 1114112K
  class space    used 4762K, committed 4992K, reserved 1048576K
}
Event: 83682.153 GC heap before
{Heap before GC invocations=235 (full 0):
 garbage-first heap   total 299008K, used 211365K [0x000000060e000000, 0x0000000800000000)
  region size 4096K, 43 young (176128K), 1 survivors (4096K)
 Metaspace       used 43771K, committed 44288K, reserved 1114112K
  class space    used 4766K, committed 4992K, reserved 1048576K
}
Event: 83682.156 GC heap after
{Heap after GC invocations=236 (full 0):
 garbage-first heap   total 299008K, used 39780K [0x000000060e000000, 0x0000000800000000)
  region size 4096K, 1 young (4096K), 1 survivors (4096K)
 Metaspace       used 43771K, committed 44288K, reserved 1114112K
  class space    used 4766K, committed 4992K, reserved 1048576K
}
Event: 83721.772 GC heap before
{Heap before GC invocations=236 (full 0):
 garbage-first heap   total 299008K, used 211812K [0x000000060e000000, 0x0000000800000000)
  region size 4096K, 43 young (176128K), 1 survivors (4096K)
 Metaspace       used 43789K, committed 44288K, reserved 1114112K
  class space    used 4766K, committed 4992K, reserved 1048576K
}
Event: 83721.782 GC heap after
{Heap after GC invocations=237 (full 0):
 garbage-first heap   total 299008K, used 39752K [0x000000060e000000, 0x0000000800000000)
  region size 4096K, 1 young (4096K), 1 survivors (4096K)
 Metaspace       used 43789K, committed 44288K, reserved 1114112K
  class space    used 4766K, committed 4992K, reserved 1048576K
}

